<?xml version="1.0" encoding="UTF-8"?>
<testsuite xmlns:xsi="http://www.w3.org/2001/XMLSchema-instance" xsi:noNamespaceSchemaLocation="https://maven.apache.org/surefire/maven-surefire-plugin/xsd/surefire-test-report-3.0.xsd" version="3.0" name="runners.RunnerClass" time="10.483" tests="2" errors="2" skipped="0" failures="0">
  <properties>
    <property name="java.specification.version" value="17"/>
    <property name="sun.jnu.encoding" value="UTF-8"/>
    <property name="java.class.path" value="/Users/sakirsahin/IdeaProjects/CucumberFrameworkBatch12Me/target/test-classes:/Users/sakirsahin/IdeaProjects/CucumberFrameworkBatch12Me/target/classes:/Users/sakirsahin/.m2/repository/mysql/mysql-connector-java/8.0.28/mysql-connector-java-8.0.28.jar:/Users/sakirsahin/.m2/repository/com/google/protobuf/protobuf-java/3.11.4/protobuf-java-3.11.4.jar:/Users/sakirsahin/.m2/repository/org/seleniumhq/selenium/selenium-java/4.1.3/selenium-java-4.1.3.jar:/Users/sakirsahin/.m2/repository/org/seleniumhq/selenium/selenium-api/4.1.3/selenium-api-4.1.3.jar:/Users/sakirsahin/.m2/repository/org/seleniumhq/selenium/selenium-chrome-driver/4.1.3/selenium-chrome-driver-4.1.3.jar:/Users/sakirsahin/.m2/repository/com/google/auto/service/auto-service-annotations/1.0.1/auto-service-annotations-1.0.1.jar:/Users/sakirsahin/.m2/repository/com/google/auto/service/auto-service/1.0.1/auto-service-1.0.1.jar:/Users/sakirsahin/.m2/repository/com/google/auto/auto-common/1.2/auto-common-1.2.jar:/Users/sakirsahin/.m2/repository/com/google/guava/guava/31.1-jre/guava-31.1-jre.jar:/Users/sakirsahin/.m2/repository/com/google/guava/failureaccess/1.0.1/failureaccess-1.0.1.jar:/Users/sakirsahin/.m2/repository/com/google/guava/listenablefuture/9999.0-empty-to-avoid-conflict-with-guava/listenablefuture-9999.0-empty-to-avoid-conflict-with-guava.jar:/Users/sakirsahin/.m2/repository/com/google/code/findbugs/jsr305/3.0.2/jsr305-3.0.2.jar:/Users/sakirsahin/.m2/repository/org/checkerframework/checker-qual/3.12.0/checker-qual-3.12.0.jar:/Users/sakirsahin/.m2/repository/com/google/errorprone/error_prone_annotations/2.11.0/error_prone_annotations-2.11.0.jar:/Users/sakirsahin/.m2/repository/com/google/j2objc/j2objc-annotations/1.3/j2objc-annotations-1.3.jar:/Users/sakirsahin/.m2/repository/org/seleniumhq/selenium/selenium-chromium-driver/4.1.3/selenium-chromium-driver-4.1.3.jar:/Users/sakirsahin/.m2/repository/org/seleniumhq/selenium/selenium-json/4.1.3/selenium-json-4.1.3.jar:/Users/sakirsahin/.m2/repository/org/seleniumhq/selenium/selenium-devtools-v85/4.1.3/selenium-devtools-v85-4.1.3.jar:/Users/sakirsahin/.m2/repository/org/seleniumhq/selenium/selenium-devtools-v97/4.1.3/selenium-devtools-v97-4.1.3.jar:/Users/sakirsahin/.m2/repository/org/seleniumhq/selenium/selenium-devtools-v98/4.1.3/selenium-devtools-v98-4.1.3.jar:/Users/sakirsahin/.m2/repository/org/seleniumhq/selenium/selenium-devtools-v99/4.1.3/selenium-devtools-v99-4.1.3.jar:/Users/sakirsahin/.m2/repository/org/seleniumhq/selenium/selenium-edge-driver/4.1.3/selenium-edge-driver-4.1.3.jar:/Users/sakirsahin/.m2/repository/org/seleniumhq/selenium/selenium-firefox-driver/4.1.3/selenium-firefox-driver-4.1.3.jar:/Users/sakirsahin/.m2/repository/org/seleniumhq/selenium/selenium-ie-driver/4.1.3/selenium-ie-driver-4.1.3.jar:/Users/sakirsahin/.m2/repository/org/seleniumhq/selenium/selenium-opera-driver/4.1.3/selenium-opera-driver-4.1.3.jar:/Users/sakirsahin/.m2/repository/org/seleniumhq/selenium/selenium-remote-driver/4.1.3/selenium-remote-driver-4.1.3.jar:/Users/sakirsahin/.m2/repository/com/beust/jcommander/1.82/jcommander-1.82.jar:/Users/sakirsahin/.m2/repository/io/netty/netty-buffer/4.1.75.Final/netty-buffer-4.1.75.Final.jar:/Users/sakirsahin/.m2/repository/io/netty/netty-codec-http/4.1.75.Final/netty-codec-http-4.1.75.Final.jar:/Users/sakirsahin/.m2/repository/io/netty/netty-codec/4.1.75.Final/netty-codec-4.1.75.Final.jar:/Users/sakirsahin/.m2/repository/io/netty/netty-handler/4.1.75.Final/netty-handler-4.1.75.Final.jar:/Users/sakirsahin/.m2/repository/io/netty/netty-common/4.1.75.Final/netty-common-4.1.75.Final.jar:/Users/sakirsahin/.m2/repository/io/netty/netty-transport-classes-epoll/4.1.75.Final/netty-transport-classes-epoll-4.1.75.Final.jar:/Users/sakirsahin/.m2/repository/io/netty/netty-transport-classes-kqueue/4.1.75.Final/netty-transport-classes-kqueue-4.1.75.Final.jar:/Users/sakirsahin/.m2/repository/io/netty/netty-transport-native-epoll/4.1.75.Final/netty-transport-native-epoll-4.1.75.Final.jar:/Users/sakirsahin/.m2/repository/io/netty/netty-transport-native-kqueue/4.1.75.Final/netty-transport-native-kqueue-4.1.75.Final.jar:/Users/sakirsahin/.m2/repository/io/netty/netty-transport-native-unix-common/4.1.75.Final/netty-transport-native-unix-common-4.1.75.Final.jar:/Users/sakirsahin/.m2/repository/io/netty/netty-transport/4.1.75.Final/netty-transport-4.1.75.Final.jar:/Users/sakirsahin/.m2/repository/io/netty/netty-resolver/4.1.75.Final/netty-resolver-4.1.75.Final.jar:/Users/sakirsahin/.m2/repository/io/opentelemetry/opentelemetry-api/1.12.0/opentelemetry-api-1.12.0.jar:/Users/sakirsahin/.m2/repository/io/opentelemetry/opentelemetry-context/1.12.0/opentelemetry-context-1.12.0.jar:/Users/sakirsahin/.m2/repository/io/opentelemetry/opentelemetry-exporter-logging/1.12.0/opentelemetry-exporter-logging-1.12.0.jar:/Users/sakirsahin/.m2/repository/io/opentelemetry/opentelemetry-sdk-metrics/1.12.0-alpha/opentelemetry-sdk-metrics-1.12.0-alpha.jar:/Users/sakirsahin/.m2/repository/io/opentelemetry/opentelemetry-sdk-logs/1.12.0-alpha/opentelemetry-sdk-logs-1.12.0-alpha.jar:/Users/sakirsahin/.m2/repository/io/opentelemetry/opentelemetry-sdk-common/1.12.0/opentelemetry-sdk-common-1.12.0.jar:/Users/sakirsahin/.m2/repository/io/opentelemetry/opentelemetry-sdk-extension-autoconfigure-spi/1.12.0/opentelemetry-sdk-extension-autoconfigure-spi-1.12.0.jar:/Users/sakirsahin/.m2/repository/io/opentelemetry/opentelemetry-sdk-extension-autoconfigure/1.12.0-alpha/opentelemetry-sdk-extension-autoconfigure-1.12.0-alpha.jar:/Users/sakirsahin/.m2/repository/io/opentelemetry/opentelemetry-sdk-trace/1.12.0/opentelemetry-sdk-trace-1.12.0.jar:/Users/sakirsahin/.m2/repository/io/opentelemetry/opentelemetry-sdk/1.12.0/opentelemetry-sdk-1.12.0.jar:/Users/sakirsahin/.m2/repository/io/opentelemetry/opentelemetry-semconv/1.12.0-alpha/opentelemetry-semconv-1.12.0-alpha.jar:/Users/sakirsahin/.m2/repository/io/ous/jtoml/2.0.0/jtoml-2.0.0.jar:/Users/sakirsahin/.m2/repository/net/bytebuddy/byte-buddy/1.12.8/byte-buddy-1.12.8.jar:/Users/sakirsahin/.m2/repository/org/apache/commons/commons-exec/1.3/commons-exec-1.3.jar:/Users/sakirsahin/.m2/repository/org/asynchttpclient/async-http-client/2.12.3/async-http-client-2.12.3.jar:/Users/sakirsahin/.m2/repository/org/asynchttpclient/async-http-client-netty-utils/2.12.3/async-http-client-netty-utils-2.12.3.jar:/Users/sakirsahin/.m2/repository/io/netty/netty-codec-socks/4.1.60.Final/netty-codec-socks-4.1.60.Final.jar:/Users/sakirsahin/.m2/repository/io/netty/netty-handler-proxy/4.1.60.Final/netty-handler-proxy-4.1.60.Final.jar:/Users/sakirsahin/.m2/repository/io/netty/netty-transport-native-epoll/4.1.60.Final/netty-transport-native-epoll-4.1.60.Final-linux-x86_64.jar:/Users/sakirsahin/.m2/repository/io/netty/netty-transport-native-kqueue/4.1.60.Final/netty-transport-native-kqueue-4.1.60.Final-osx-x86_64.jar:/Users/sakirsahin/.m2/repository/org/reactivestreams/reactive-streams/1.0.3/reactive-streams-1.0.3.jar:/Users/sakirsahin/.m2/repository/com/typesafe/netty/netty-reactive-streams/2.0.4/netty-reactive-streams-2.0.4.jar:/Users/sakirsahin/.m2/repository/com/sun/activation/jakarta.activation/1.2.2/jakarta.activation-1.2.2.jar:/Users/sakirsahin/.m2/repository/org/seleniumhq/selenium/selenium-http/4.1.3/selenium-http-4.1.3.jar:/Users/sakirsahin/.m2/repository/dev/failsafe/failsafe/3.2.3/failsafe-3.2.3.jar:/Users/sakirsahin/.m2/repository/org/seleniumhq/selenium/selenium-safari-driver/4.1.3/selenium-safari-driver-4.1.3.jar:/Users/sakirsahin/.m2/repository/org/seleniumhq/selenium/selenium-support/4.1.3/selenium-support-4.1.3.jar:/Users/sakirsahin/.m2/repository/io/cucumber/cucumber-java/6.9.1/cucumber-java-6.9.1.jar:/Users/sakirsahin/.m2/repository/io/cucumber/cucumber-core/6.9.1/cucumber-core-6.9.1.jar:/Users/sakirsahin/.m2/repository/io/cucumber/cucumber-gherkin/6.9.1/cucumber-gherkin-6.9.1.jar:/Users/sakirsahin/.m2/repository/io/cucumber/cucumber-gherkin-messages/6.9.1/cucumber-gherkin-messages-6.9.1.jar:/Users/sakirsahin/.m2/repository/io/cucumber/messages/13.2.1/messages-13.2.1.jar:/Users/sakirsahin/.m2/repository/io/cucumber/tag-expressions/3.0.0/tag-expressions-3.0.0.jar:/Users/sakirsahin/.m2/repository/io/cucumber/cucumber-expressions/10.3.0/cucumber-expressions-10.3.0.jar:/Users/sakirsahin/.m2/repository/io/cucumber/datatable/3.5.0/datatable-3.5.0.jar:/Users/sakirsahin/.m2/repository/io/cucumber/cucumber-plugin/6.9.1/cucumber-plugin-6.9.1.jar:/Users/sakirsahin/.m2/repository/io/cucumber/docstring/6.9.1/docstring-6.9.1.jar:/Users/sakirsahin/.m2/repository/io/cucumber/html-formatter/9.0.0/html-formatter-9.0.0.jar:/Users/sakirsahin/.m2/repository/io/cucumber/create-meta/2.0.4/create-meta-2.0.4.jar:/Users/sakirsahin/.m2/repository/org/apiguardian/apiguardian-api/1.1.0/apiguardian-api-1.1.0.jar:/Users/sakirsahin/.m2/repository/io/cucumber/cucumber-junit/6.9.1/cucumber-junit-6.9.1.jar:/Users/sakirsahin/.m2/repository/junit/junit/4.13.1/junit-4.13.1.jar:/Users/sakirsahin/.m2/repository/org/hamcrest/hamcrest-core/1.3/hamcrest-core-1.3.jar:/Users/sakirsahin/.m2/repository/io/github/bonigarcia/webdrivermanager/5.1.1/webdrivermanager-5.1.1.jar:/Users/sakirsahin/.m2/repository/com/google/code/gson/gson/2.9.0/gson-2.9.0.jar:/Users/sakirsahin/.m2/repository/com/github/docker-java/docker-java/3.2.13/docker-java-3.2.13.jar:/Users/sakirsahin/.m2/repository/com/github/docker-java/docker-java-core/3.2.13/docker-java-core-3.2.13.jar:/Users/sakirsahin/.m2/repository/com/github/docker-java/docker-java-api/3.2.13/docker-java-api-3.2.13.jar:/Users/sakirsahin/.m2/repository/com/fasterxml/jackson/core/jackson-annotations/2.10.3/jackson-annotations-2.10.3.jar:/Users/sakirsahin/.m2/repository/com/fasterxml/jackson/core/jackson-databind/2.10.3/jackson-databind-2.10.3.jar:/Users/sakirsahin/.m2/repository/com/fasterxml/jackson/core/jackson-core/2.10.3/jackson-core-2.10.3.jar:/Users/sakirsahin/.m2/repository/org/bouncycastle/bcpkix-jdk15on/1.64/bcpkix-jdk15on-1.64.jar:/Users/sakirsahin/.m2/repository/org/bouncycastle/bcprov-jdk15on/1.64/bcprov-jdk15on-1.64.jar:/Users/sakirsahin/.m2/repository/org/slf4j/jcl-over-slf4j/1.7.30/jcl-over-slf4j-1.7.30.jar:/Users/sakirsahin/.m2/repository/com/github/docker-java/docker-java-transport-httpclient5/3.2.13/docker-java-transport-httpclient5-3.2.13.jar:/Users/sakirsahin/.m2/repository/com/github/docker-java/docker-java-transport/3.2.13/docker-java-transport-3.2.13.jar:/Users/sakirsahin/.m2/repository/net/java/dev/jna/jna/5.8.0/jna-5.8.0.jar:/Users/sakirsahin/.m2/repository/org/brotli/dec/0.1.2/dec-0.1.2.jar:/Users/sakirsahin/.m2/repository/org/apache/commons/commons-lang3/3.12.0/commons-lang3-3.12.0.jar:/Users/sakirsahin/.m2/repository/org/apache/httpcomponents/client5/httpclient5/5.1.3/httpclient5-5.1.3.jar:/Users/sakirsahin/.m2/repository/org/apache/httpcomponents/core5/httpcore5/5.1.3/httpcore5-5.1.3.jar:/Users/sakirsahin/.m2/repository/org/apache/httpcomponents/core5/httpcore5-h2/5.1.3/httpcore5-h2-5.1.3.jar:/Users/sakirsahin/.m2/repository/commons-codec/commons-codec/1.15/commons-codec-1.15.jar:/Users/sakirsahin/.m2/repository/org/slf4j/slf4j-api/1.7.36/slf4j-api-1.7.36.jar:/Users/sakirsahin/.m2/repository/org/slf4j/slf4j-reload4j/1.7.36/slf4j-reload4j-1.7.36.jar:/Users/sakirsahin/.m2/repository/ch/qos/reload4j/reload4j/1.2.19/reload4j-1.2.19.jar:/Users/sakirsahin/.m2/repository/org/apache/poi/poi-ooxml/5.2.2/poi-ooxml-5.2.2.jar:/Users/sakirsahin/.m2/repository/org/apache/poi/poi/5.2.2/poi-5.2.2.jar:/Users/sakirsahin/.m2/repository/org/apache/commons/commons-math3/3.6.1/commons-math3-3.6.1.jar:/Users/sakirsahin/.m2/repository/com/zaxxer/SparseBitSet/1.2/SparseBitSet-1.2.jar:/Users/sakirsahin/.m2/repository/org/apache/poi/poi-ooxml-lite/5.2.2/poi-ooxml-lite-5.2.2.jar:/Users/sakirsahin/.m2/repository/org/apache/xmlbeans/xmlbeans/5.0.3/xmlbeans-5.0.3.jar:/Users/sakirsahin/.m2/repository/org/apache/commons/commons-compress/1.21/commons-compress-1.21.jar:/Users/sakirsahin/.m2/repository/com/github/virtuald/curvesapi/1.07/curvesapi-1.07.jar:/Users/sakirsahin/.m2/repository/org/apache/logging/log4j/log4j-api/2.17.2/log4j-api-2.17.2.jar:/Users/sakirsahin/.m2/repository/org/apache/commons/commons-collections4/4.4/commons-collections4-4.4.jar:/Users/sakirsahin/.m2/repository/commons-io/commons-io/2.8.0/commons-io-2.8.0.jar:/Users/sakirsahin/.m2/repository/io/rest-assured/rest-assured/4.5.1/rest-assured-4.5.1.jar:/Users/sakirsahin/.m2/repository/org/codehaus/groovy/groovy/3.0.9/groovy-3.0.9.jar:/Users/sakirsahin/.m2/repository/org/codehaus/groovy/groovy-xml/3.0.9/groovy-xml-3.0.9.jar:/Users/sakirsahin/.m2/repository/org/apache/httpcomponents/httpclient/4.5.13/httpclient-4.5.13.jar:/Users/sakirsahin/.m2/repository/org/apache/httpcomponents/httpcore/4.4.13/httpcore-4.4.13.jar:/Users/sakirsahin/.m2/repository/commons-logging/commons-logging/1.2/commons-logging-1.2.jar:/Users/sakirsahin/.m2/repository/org/apache/httpcomponents/httpmime/4.5.13/httpmime-4.5.13.jar:/Users/sakirsahin/.m2/repository/org/hamcrest/hamcrest/2.1/hamcrest-2.1.jar:/Users/sakirsahin/.m2/repository/org/ccil/cowan/tagsoup/tagsoup/1.2.1/tagsoup-1.2.1.jar:/Users/sakirsahin/.m2/repository/io/rest-assured/json-path/4.5.1/json-path-4.5.1.jar:/Users/sakirsahin/.m2/repository/org/codehaus/groovy/groovy-json/3.0.9/groovy-json-3.0.9.jar:/Users/sakirsahin/.m2/repository/io/rest-assured/rest-assured-common/4.5.1/rest-assured-common-4.5.1.jar:/Users/sakirsahin/.m2/repository/io/rest-assured/xml-path/4.5.1/xml-path-4.5.1.jar:/Users/sakirsahin/.m2/repository/org/json/json/20180813/json-20180813.jar:"/>
    <property name="java.vm.vendor" value="Oracle Corporation"/>
    <property name="sun.arch.data.model" value="64"/>
    <property name="java.vendor.url" value="https://java.oracle.com/"/>
    <property name="user.timezone" value="Pacific/Honolulu"/>
    <property name="os.name" value="Mac OS X"/>
    <property name="java.vm.specification.version" value="17"/>
    <property name="sun.java.launcher" value="SUN_STANDARD"/>
    <property name="user.country" value="US"/>
    <property name="sun.boot.library.path" value="/Users/sakirsahin/Library/Java/JavaVirtualMachines/openjdk-17.0.2/Contents/Home/lib"/>
    <property name="sun.java.command" value="/Users/sakirsahin/IdeaProjects/CucumberFrameworkBatch12Me/target/surefire/surefirebooter9972410909931790207.jar /Users/sakirsahin/IdeaProjects/CucumberFrameworkBatch12Me/target/surefire 2022-06-23T10-51-14_834-jvmRun1 surefire12690179716752150015tmp surefire_018246565016841933711tmp"/>
    <property name="http.nonProxyHosts" value="local|*.local|169.254/16|*.169.254/16"/>
    <property name="jdk.debug" value="release"/>
    <property name="surefire.test.class.path" value="/Users/sakirsahin/IdeaProjects/CucumberFrameworkBatch12Me/target/test-classes:/Users/sakirsahin/IdeaProjects/CucumberFrameworkBatch12Me/target/classes:/Users/sakirsahin/.m2/repository/mysql/mysql-connector-java/8.0.28/mysql-connector-java-8.0.28.jar:/Users/sakirsahin/.m2/repository/com/google/protobuf/protobuf-java/3.11.4/protobuf-java-3.11.4.jar:/Users/sakirsahin/.m2/repository/org/seleniumhq/selenium/selenium-java/4.1.3/selenium-java-4.1.3.jar:/Users/sakirsahin/.m2/repository/org/seleniumhq/selenium/selenium-api/4.1.3/selenium-api-4.1.3.jar:/Users/sakirsahin/.m2/repository/org/seleniumhq/selenium/selenium-chrome-driver/4.1.3/selenium-chrome-driver-4.1.3.jar:/Users/sakirsahin/.m2/repository/com/google/auto/service/auto-service-annotations/1.0.1/auto-service-annotations-1.0.1.jar:/Users/sakirsahin/.m2/repository/com/google/auto/service/auto-service/1.0.1/auto-service-1.0.1.jar:/Users/sakirsahin/.m2/repository/com/google/auto/auto-common/1.2/auto-common-1.2.jar:/Users/sakirsahin/.m2/repository/com/google/guava/guava/31.1-jre/guava-31.1-jre.jar:/Users/sakirsahin/.m2/repository/com/google/guava/failureaccess/1.0.1/failureaccess-1.0.1.jar:/Users/sakirsahin/.m2/repository/com/google/guava/listenablefuture/9999.0-empty-to-avoid-conflict-with-guava/listenablefuture-9999.0-empty-to-avoid-conflict-with-guava.jar:/Users/sakirsahin/.m2/repository/com/google/code/findbugs/jsr305/3.0.2/jsr305-3.0.2.jar:/Users/sakirsahin/.m2/repository/org/checkerframework/checker-qual/3.12.0/checker-qual-3.12.0.jar:/Users/sakirsahin/.m2/repository/com/google/errorprone/error_prone_annotations/2.11.0/error_prone_annotations-2.11.0.jar:/Users/sakirsahin/.m2/repository/com/google/j2objc/j2objc-annotations/1.3/j2objc-annotations-1.3.jar:/Users/sakirsahin/.m2/repository/org/seleniumhq/selenium/selenium-chromium-driver/4.1.3/selenium-chromium-driver-4.1.3.jar:/Users/sakirsahin/.m2/repository/org/seleniumhq/selenium/selenium-json/4.1.3/selenium-json-4.1.3.jar:/Users/sakirsahin/.m2/repository/org/seleniumhq/selenium/selenium-devtools-v85/4.1.3/selenium-devtools-v85-4.1.3.jar:/Users/sakirsahin/.m2/repository/org/seleniumhq/selenium/selenium-devtools-v97/4.1.3/selenium-devtools-v97-4.1.3.jar:/Users/sakirsahin/.m2/repository/org/seleniumhq/selenium/selenium-devtools-v98/4.1.3/selenium-devtools-v98-4.1.3.jar:/Users/sakirsahin/.m2/repository/org/seleniumhq/selenium/selenium-devtools-v99/4.1.3/selenium-devtools-v99-4.1.3.jar:/Users/sakirsahin/.m2/repository/org/seleniumhq/selenium/selenium-edge-driver/4.1.3/selenium-edge-driver-4.1.3.jar:/Users/sakirsahin/.m2/repository/org/seleniumhq/selenium/selenium-firefox-driver/4.1.3/selenium-firefox-driver-4.1.3.jar:/Users/sakirsahin/.m2/repository/org/seleniumhq/selenium/selenium-ie-driver/4.1.3/selenium-ie-driver-4.1.3.jar:/Users/sakirsahin/.m2/repository/org/seleniumhq/selenium/selenium-opera-driver/4.1.3/selenium-opera-driver-4.1.3.jar:/Users/sakirsahin/.m2/repository/org/seleniumhq/selenium/selenium-remote-driver/4.1.3/selenium-remote-driver-4.1.3.jar:/Users/sakirsahin/.m2/repository/com/beust/jcommander/1.82/jcommander-1.82.jar:/Users/sakirsahin/.m2/repository/io/netty/netty-buffer/4.1.75.Final/netty-buffer-4.1.75.Final.jar:/Users/sakirsahin/.m2/repository/io/netty/netty-codec-http/4.1.75.Final/netty-codec-http-4.1.75.Final.jar:/Users/sakirsahin/.m2/repository/io/netty/netty-codec/4.1.75.Final/netty-codec-4.1.75.Final.jar:/Users/sakirsahin/.m2/repository/io/netty/netty-handler/4.1.75.Final/netty-handler-4.1.75.Final.jar:/Users/sakirsahin/.m2/repository/io/netty/netty-common/4.1.75.Final/netty-common-4.1.75.Final.jar:/Users/sakirsahin/.m2/repository/io/netty/netty-transport-classes-epoll/4.1.75.Final/netty-transport-classes-epoll-4.1.75.Final.jar:/Users/sakirsahin/.m2/repository/io/netty/netty-transport-classes-kqueue/4.1.75.Final/netty-transport-classes-kqueue-4.1.75.Final.jar:/Users/sakirsahin/.m2/repository/io/netty/netty-transport-native-epoll/4.1.75.Final/netty-transport-native-epoll-4.1.75.Final.jar:/Users/sakirsahin/.m2/repository/io/netty/netty-transport-native-kqueue/4.1.75.Final/netty-transport-native-kqueue-4.1.75.Final.jar:/Users/sakirsahin/.m2/repository/io/netty/netty-transport-native-unix-common/4.1.75.Final/netty-transport-native-unix-common-4.1.75.Final.jar:/Users/sakirsahin/.m2/repository/io/netty/netty-transport/4.1.75.Final/netty-transport-4.1.75.Final.jar:/Users/sakirsahin/.m2/repository/io/netty/netty-resolver/4.1.75.Final/netty-resolver-4.1.75.Final.jar:/Users/sakirsahin/.m2/repository/io/opentelemetry/opentelemetry-api/1.12.0/opentelemetry-api-1.12.0.jar:/Users/sakirsahin/.m2/repository/io/opentelemetry/opentelemetry-context/1.12.0/opentelemetry-context-1.12.0.jar:/Users/sakirsahin/.m2/repository/io/opentelemetry/opentelemetry-exporter-logging/1.12.0/opentelemetry-exporter-logging-1.12.0.jar:/Users/sakirsahin/.m2/repository/io/opentelemetry/opentelemetry-sdk-metrics/1.12.0-alpha/opentelemetry-sdk-metrics-1.12.0-alpha.jar:/Users/sakirsahin/.m2/repository/io/opentelemetry/opentelemetry-sdk-logs/1.12.0-alpha/opentelemetry-sdk-logs-1.12.0-alpha.jar:/Users/sakirsahin/.m2/repository/io/opentelemetry/opentelemetry-sdk-common/1.12.0/opentelemetry-sdk-common-1.12.0.jar:/Users/sakirsahin/.m2/repository/io/opentelemetry/opentelemetry-sdk-extension-autoconfigure-spi/1.12.0/opentelemetry-sdk-extension-autoconfigure-spi-1.12.0.jar:/Users/sakirsahin/.m2/repository/io/opentelemetry/opentelemetry-sdk-extension-autoconfigure/1.12.0-alpha/opentelemetry-sdk-extension-autoconfigure-1.12.0-alpha.jar:/Users/sakirsahin/.m2/repository/io/opentelemetry/opentelemetry-sdk-trace/1.12.0/opentelemetry-sdk-trace-1.12.0.jar:/Users/sakirsahin/.m2/repository/io/opentelemetry/opentelemetry-sdk/1.12.0/opentelemetry-sdk-1.12.0.jar:/Users/sakirsahin/.m2/repository/io/opentelemetry/opentelemetry-semconv/1.12.0-alpha/opentelemetry-semconv-1.12.0-alpha.jar:/Users/sakirsahin/.m2/repository/io/ous/jtoml/2.0.0/jtoml-2.0.0.jar:/Users/sakirsahin/.m2/repository/net/bytebuddy/byte-buddy/1.12.8/byte-buddy-1.12.8.jar:/Users/sakirsahin/.m2/repository/org/apache/commons/commons-exec/1.3/commons-exec-1.3.jar:/Users/sakirsahin/.m2/repository/org/asynchttpclient/async-http-client/2.12.3/async-http-client-2.12.3.jar:/Users/sakirsahin/.m2/repository/org/asynchttpclient/async-http-client-netty-utils/2.12.3/async-http-client-netty-utils-2.12.3.jar:/Users/sakirsahin/.m2/repository/io/netty/netty-codec-socks/4.1.60.Final/netty-codec-socks-4.1.60.Final.jar:/Users/sakirsahin/.m2/repository/io/netty/netty-handler-proxy/4.1.60.Final/netty-handler-proxy-4.1.60.Final.jar:/Users/sakirsahin/.m2/repository/io/netty/netty-transport-native-epoll/4.1.60.Final/netty-transport-native-epoll-4.1.60.Final-linux-x86_64.jar:/Users/sakirsahin/.m2/repository/io/netty/netty-transport-native-kqueue/4.1.60.Final/netty-transport-native-kqueue-4.1.60.Final-osx-x86_64.jar:/Users/sakirsahin/.m2/repository/org/reactivestreams/reactive-streams/1.0.3/reactive-streams-1.0.3.jar:/Users/sakirsahin/.m2/repository/com/typesafe/netty/netty-reactive-streams/2.0.4/netty-reactive-streams-2.0.4.jar:/Users/sakirsahin/.m2/repository/com/sun/activation/jakarta.activation/1.2.2/jakarta.activation-1.2.2.jar:/Users/sakirsahin/.m2/repository/org/seleniumhq/selenium/selenium-http/4.1.3/selenium-http-4.1.3.jar:/Users/sakirsahin/.m2/repository/dev/failsafe/failsafe/3.2.3/failsafe-3.2.3.jar:/Users/sakirsahin/.m2/repository/org/seleniumhq/selenium/selenium-safari-driver/4.1.3/selenium-safari-driver-4.1.3.jar:/Users/sakirsahin/.m2/repository/org/seleniumhq/selenium/selenium-support/4.1.3/selenium-support-4.1.3.jar:/Users/sakirsahin/.m2/repository/io/cucumber/cucumber-java/6.9.1/cucumber-java-6.9.1.jar:/Users/sakirsahin/.m2/repository/io/cucumber/cucumber-core/6.9.1/cucumber-core-6.9.1.jar:/Users/sakirsahin/.m2/repository/io/cucumber/cucumber-gherkin/6.9.1/cucumber-gherkin-6.9.1.jar:/Users/sakirsahin/.m2/repository/io/cucumber/cucumber-gherkin-messages/6.9.1/cucumber-gherkin-messages-6.9.1.jar:/Users/sakirsahin/.m2/repository/io/cucumber/messages/13.2.1/messages-13.2.1.jar:/Users/sakirsahin/.m2/repository/io/cucumber/tag-expressions/3.0.0/tag-expressions-3.0.0.jar:/Users/sakirsahin/.m2/repository/io/cucumber/cucumber-expressions/10.3.0/cucumber-expressions-10.3.0.jar:/Users/sakirsahin/.m2/repository/io/cucumber/datatable/3.5.0/datatable-3.5.0.jar:/Users/sakirsahin/.m2/repository/io/cucumber/cucumber-plugin/6.9.1/cucumber-plugin-6.9.1.jar:/Users/sakirsahin/.m2/repository/io/cucumber/docstring/6.9.1/docstring-6.9.1.jar:/Users/sakirsahin/.m2/repository/io/cucumber/html-formatter/9.0.0/html-formatter-9.0.0.jar:/Users/sakirsahin/.m2/repository/io/cucumber/create-meta/2.0.4/create-meta-2.0.4.jar:/Users/sakirsahin/.m2/repository/org/apiguardian/apiguardian-api/1.1.0/apiguardian-api-1.1.0.jar:/Users/sakirsahin/.m2/repository/io/cucumber/cucumber-junit/6.9.1/cucumber-junit-6.9.1.jar:/Users/sakirsahin/.m2/repository/junit/junit/4.13.1/junit-4.13.1.jar:/Users/sakirsahin/.m2/repository/org/hamcrest/hamcrest-core/1.3/hamcrest-core-1.3.jar:/Users/sakirsahin/.m2/repository/io/github/bonigarcia/webdrivermanager/5.1.1/webdrivermanager-5.1.1.jar:/Users/sakirsahin/.m2/repository/com/google/code/gson/gson/2.9.0/gson-2.9.0.jar:/Users/sakirsahin/.m2/repository/com/github/docker-java/docker-java/3.2.13/docker-java-3.2.13.jar:/Users/sakirsahin/.m2/repository/com/github/docker-java/docker-java-core/3.2.13/docker-java-core-3.2.13.jar:/Users/sakirsahin/.m2/repository/com/github/docker-java/docker-java-api/3.2.13/docker-java-api-3.2.13.jar:/Users/sakirsahin/.m2/repository/com/fasterxml/jackson/core/jackson-annotations/2.10.3/jackson-annotations-2.10.3.jar:/Users/sakirsahin/.m2/repository/com/fasterxml/jackson/core/jackson-databind/2.10.3/jackson-databind-2.10.3.jar:/Users/sakirsahin/.m2/repository/com/fasterxml/jackson/core/jackson-core/2.10.3/jackson-core-2.10.3.jar:/Users/sakirsahin/.m2/repository/org/bouncycastle/bcpkix-jdk15on/1.64/bcpkix-jdk15on-1.64.jar:/Users/sakirsahin/.m2/repository/org/bouncycastle/bcprov-jdk15on/1.64/bcprov-jdk15on-1.64.jar:/Users/sakirsahin/.m2/repository/org/slf4j/jcl-over-slf4j/1.7.30/jcl-over-slf4j-1.7.30.jar:/Users/sakirsahin/.m2/repository/com/github/docker-java/docker-java-transport-httpclient5/3.2.13/docker-java-transport-httpclient5-3.2.13.jar:/Users/sakirsahin/.m2/repository/com/github/docker-java/docker-java-transport/3.2.13/docker-java-transport-3.2.13.jar:/Users/sakirsahin/.m2/repository/net/java/dev/jna/jna/5.8.0/jna-5.8.0.jar:/Users/sakirsahin/.m2/repository/org/brotli/dec/0.1.2/dec-0.1.2.jar:/Users/sakirsahin/.m2/repository/org/apache/commons/commons-lang3/3.12.0/commons-lang3-3.12.0.jar:/Users/sakirsahin/.m2/repository/org/apache/httpcomponents/client5/httpclient5/5.1.3/httpclient5-5.1.3.jar:/Users/sakirsahin/.m2/repository/org/apache/httpcomponents/core5/httpcore5/5.1.3/httpcore5-5.1.3.jar:/Users/sakirsahin/.m2/repository/org/apache/httpcomponents/core5/httpcore5-h2/5.1.3/httpcore5-h2-5.1.3.jar:/Users/sakirsahin/.m2/repository/commons-codec/commons-codec/1.15/commons-codec-1.15.jar:/Users/sakirsahin/.m2/repository/org/slf4j/slf4j-api/1.7.36/slf4j-api-1.7.36.jar:/Users/sakirsahin/.m2/repository/org/slf4j/slf4j-reload4j/1.7.36/slf4j-reload4j-1.7.36.jar:/Users/sakirsahin/.m2/repository/ch/qos/reload4j/reload4j/1.2.19/reload4j-1.2.19.jar:/Users/sakirsahin/.m2/repository/org/apache/poi/poi-ooxml/5.2.2/poi-ooxml-5.2.2.jar:/Users/sakirsahin/.m2/repository/org/apache/poi/poi/5.2.2/poi-5.2.2.jar:/Users/sakirsahin/.m2/repository/org/apache/commons/commons-math3/3.6.1/commons-math3-3.6.1.jar:/Users/sakirsahin/.m2/repository/com/zaxxer/SparseBitSet/1.2/SparseBitSet-1.2.jar:/Users/sakirsahin/.m2/repository/org/apache/poi/poi-ooxml-lite/5.2.2/poi-ooxml-lite-5.2.2.jar:/Users/sakirsahin/.m2/repository/org/apache/xmlbeans/xmlbeans/5.0.3/xmlbeans-5.0.3.jar:/Users/sakirsahin/.m2/repository/org/apache/commons/commons-compress/1.21/commons-compress-1.21.jar:/Users/sakirsahin/.m2/repository/com/github/virtuald/curvesapi/1.07/curvesapi-1.07.jar:/Users/sakirsahin/.m2/repository/org/apache/logging/log4j/log4j-api/2.17.2/log4j-api-2.17.2.jar:/Users/sakirsahin/.m2/repository/org/apache/commons/commons-collections4/4.4/commons-collections4-4.4.jar:/Users/sakirsahin/.m2/repository/commons-io/commons-io/2.8.0/commons-io-2.8.0.jar:/Users/sakirsahin/.m2/repository/io/rest-assured/rest-assured/4.5.1/rest-assured-4.5.1.jar:/Users/sakirsahin/.m2/repository/org/codehaus/groovy/groovy/3.0.9/groovy-3.0.9.jar:/Users/sakirsahin/.m2/repository/org/codehaus/groovy/groovy-xml/3.0.9/groovy-xml-3.0.9.jar:/Users/sakirsahin/.m2/repository/org/apache/httpcomponents/httpclient/4.5.13/httpclient-4.5.13.jar:/Users/sakirsahin/.m2/repository/org/apache/httpcomponents/httpcore/4.4.13/httpcore-4.4.13.jar:/Users/sakirsahin/.m2/repository/commons-logging/commons-logging/1.2/commons-logging-1.2.jar:/Users/sakirsahin/.m2/repository/org/apache/httpcomponents/httpmime/4.5.13/httpmime-4.5.13.jar:/Users/sakirsahin/.m2/repository/org/hamcrest/hamcrest/2.1/hamcrest-2.1.jar:/Users/sakirsahin/.m2/repository/org/ccil/cowan/tagsoup/tagsoup/1.2.1/tagsoup-1.2.1.jar:/Users/sakirsahin/.m2/repository/io/rest-assured/json-path/4.5.1/json-path-4.5.1.jar:/Users/sakirsahin/.m2/repository/org/codehaus/groovy/groovy-json/3.0.9/groovy-json-3.0.9.jar:/Users/sakirsahin/.m2/repository/io/rest-assured/rest-assured-common/4.5.1/rest-assured-common-4.5.1.jar:/Users/sakirsahin/.m2/repository/io/rest-assured/xml-path/4.5.1/xml-path-4.5.1.jar:/Users/sakirsahin/.m2/repository/org/json/json/20180813/json-20180813.jar:"/>
    <property name="sun.cpu.endian" value="little"/>
    <property name="user.home" value="/Users/sakirsahin"/>
    <property name="user.language" value="en"/>
    <property name="java.specification.vendor" value="Oracle Corporation"/>
    <property name="java.version.date" value="2022-01-18"/>
    <property name="java.home" value="/Users/sakirsahin/Library/Java/JavaVirtualMachines/openjdk-17.0.2/Contents/Home"/>
    <property name="file.separator" value="/"/>
    <property name="basedir" value="/Users/sakirsahin/IdeaProjects/CucumberFrameworkBatch12Me"/>
    <property name="java.vm.compressedOopsMode" value="Zero based"/>
    <property name="line.separator" value="&#10;"/>
    <property name="java.specification.name" value="Java Platform API Specification"/>
    <property name="java.vm.specification.vendor" value="Oracle Corporation"/>
    <property name="surefire.real.class.path" value="/Users/sakirsahin/IdeaProjects/CucumberFrameworkBatch12Me/target/surefire/surefirebooter9972410909931790207.jar"/>
    <property name="sun.management.compiler" value="HotSpot 64-Bit Tiered Compilers"/>
    <property name="ftp.nonProxyHosts" value="local|*.local|169.254/16|*.169.254/16"/>
    <property name="java.runtime.version" value="17.0.2+8-86"/>
    <property name="user.name" value="sakirsahin"/>
    <property name="path.separator" value=":"/>
    <property name="os.version" value="12.4"/>
    <property name="java.runtime.name" value="OpenJDK Runtime Environment"/>
    <property name="file.encoding" value="UTF-8"/>
    <property name="java.vm.name" value="OpenJDK 64-Bit Server VM"/>
    <property name="localRepository" value="/Users/sakirsahin/.m2/repository"/>
    <property name="java.vendor.url.bug" value="https://bugreport.java.com/bugreport/"/>
    <property name="java.io.tmpdir" value="/var/folders/k6/v587rhlx46ddbgf___4h0wvw0000gn/T/"/>
    <property name="idea.version" value="2021.3.3"/>
    <property name="java.version" value="17.0.2"/>
    <property name="user.dir" value="/Users/sakirsahin/IdeaProjects/CucumberFrameworkBatch12Me"/>
    <property name="os.arch" value="x86_64"/>
    <property name="java.vm.specification.name" value="Java Virtual Machine Specification"/>
    <property name="native.encoding" value="UTF-8"/>
    <property name="java.library.path" value="/Users/sakirsahin/Library/Java/Extensions:/Library/Java/Extensions:/Network/Library/Java/Extensions:/System/Library/Java/Extensions:/usr/lib/java:."/>
    <property name="java.vm.info" value="mixed mode, sharing"/>
    <property name="java.vendor" value="Oracle Corporation"/>
    <property name="java.vm.version" value="17.0.2+8-86"/>
    <property name="sun.io.unicode.encoding" value="UnicodeBig"/>
    <property name="socksNonProxyHosts" value="local|*.local|169.254/16|*.169.254/16"/>
    <property name="java.class.version" value="61.0"/>
  </properties>
  <testcase name="Adding an employee" classname="This feature covers all the API related scenarios" time="5.751">
    <error message="The step &quot;a JWT is generated&quot; is undefined. You can implement it using the snippet(s) below:&#10;&#10;@Given(&quot;a JWT is generated&quot;)&#10;public void a_jwt_is_generated() {&#10;    // Write code here that turns the phrase above into concrete actions&#10;    throw new io.cucumber.java.PendingException();&#10;}&#10;&#10;&#10;Some other steps were also undefined:&#10;&#10;@Given(&quot;a request is prepared to create an employee&quot;)&#10;public void a_request_is_prepared_to_create_an_employee() {&#10;    // Write code here that turns the phrase above into concrete actions&#10;    throw new io.cucumber.java.PendingException();&#10;}&#10;@When(&quot;a POST call is made to create an employee&quot;)&#10;public void a_post_call_is_made_to_create_an_employee() {&#10;    // Write code here that turns the phrase above into concrete actions&#10;    throw new io.cucumber.java.PendingException();&#10;}&#10;@Then(&quot;the status code for the created employee is {int}&quot;)&#10;public void the_status_code_for_the_created_employee_is(Integer int1) {&#10;    // Write code here that turns the phrase above into concrete actions&#10;    throw new io.cucumber.java.PendingException();&#10;}&#10;@Then(&quot;the employee created contains key {string} and value {string}&quot;)&#10;public void the_employee_created_contains_key_and_value(String string, String string2) {&#10;    // Write code here that turns the phrase above into concrete actions&#10;    throw new io.cucumber.java.PendingException();&#10;}&#10;@Then(&quot;the employee id {string} is stored as a global variable to be used for other calls&quot;)&#10;public void the_employee_id_is_stored_as_a_global_variable_to_be_used_for_other_calls(String string) {&#10;    // Write code here that turns the phrase above into concrete actions&#10;    throw new io.cucumber.java.PendingException();&#10;}&#10;" type="io.cucumber.junit.UndefinedStepException"><![CDATA[io.cucumber.junit.UndefinedStepException: 
The step "a JWT is generated" is undefined. You can implement it using the snippet(s) below:

@Given("a JWT is generated")
public void a_jwt_is_generated() {
    // Write code here that turns the phrase above into concrete actions
    throw new io.cucumber.java.PendingException();
}


Some other steps were also undefined:

@Given("a request is prepared to create an employee")
public void a_request_is_prepared_to_create_an_employee() {
    // Write code here that turns the phrase above into concrete actions
    throw new io.cucumber.java.PendingException();
}
@When("a POST call is made to create an employee")
public void a_post_call_is_made_to_create_an_employee() {
    // Write code here that turns the phrase above into concrete actions
    throw new io.cucumber.java.PendingException();
}
@Then("the status code for the created employee is {int}")
public void the_status_code_for_the_created_employee_is(Integer int1) {
    // Write code here that turns the phrase above into concrete actions
    throw new io.cucumber.java.PendingException();
}
@Then("the employee created contains key {string} and value {string}")
public void the_employee_created_contains_key_and_value(String string, String string2) {
    // Write code here that turns the phrase above into concrete actions
    throw new io.cucumber.java.PendingException();
}
@Then("the employee id {string} is stored as a global variable to be used for other calls")
public void the_employee_id_is_stored_as_a_global_variable_to_be_used_for_other_calls(String string) {
    // Write code here that turns the phrase above into concrete actions
    throw new io.cucumber.java.PendingException();
}

]]></error>
    <system-out><![CDATA[
@api
Scenario: Adding an employee                                                                           # src/test/resources/features/APIWorkFlow.feature:7
  Given a JWT is generated                                                                             # null
  Given a request is prepared to create an employee                                                    # null
  When a POST call is made to create an employee                                                       # null
  Then the status code for the created employee is 201                                                 # null
  And the employee created contains key "Message" and value "Employee Created"                         # null
  And the employee id "Employee.employee_id" is stored as a global variable to be used for other calls # null

    Embedding Adding an employee [image/png 254883 bytes]

]]></system-out>
    <system-err><![CDATA[Starting ChromeDriver 102.0.5005.61 (0e59bcc00cc4985ce39ad31c150065f159d95ad3-refs/branch-heads/5005@{#819}) on port 62543
Only local connections are allowed.
Please see https://chromedriver.chromium.org/security-considerations for suggestions on keeping ChromeDriver safe.
ChromeDriver was started successfully.
Jun 23, 2022 10:51:21 AM org.openqa.selenium.remote.ProtocolHandshake createSession
INFO: Detected dialect: W3C
Jun 23, 2022 10:51:21 AM org.openqa.selenium.devtools.CdpVersionFinder findNearestMatch
WARNING: Unable to find an exact match for CDP version 102, so returning the closest version found: 99
Jun 23, 2022 10:51:21 AM org.openqa.selenium.devtools.CdpVersionFinder findNearestMatch
INFO: Found CDP implementation for version 102 of 99
]]></system-err>
  </testcase>
  <testcase name="Get the newly created employee" classname="This feature covers all the API related scenarios" time="4.7">
    <error message="The step &quot;a JWT is generated&quot; is undefined. You can implement it using the snippet(s) below:&#10;&#10;@Given(&quot;a JWT is generated&quot;)&#10;public void a_jwt_is_generated() {&#10;    // Write code here that turns the phrase above into concrete actions&#10;    throw new io.cucumber.java.PendingException();&#10;}&#10;&#10;&#10;Some other steps were also undefined:&#10;&#10;@Given(&quot;a request is prepared to get the employee&quot;)&#10;public void a_request_is_prepared_to_get_the_employee() {&#10;    // Write code here that turns the phrase above into concrete actions&#10;    throw new io.cucumber.java.PendingException();&#10;}&#10;@When(&quot;a GET call is made to retrieve the created employee&quot;)&#10;public void a_get_call_is_made_to_retrieve_the_created_employee() {&#10;    // Write code here that turns the phrase above into concrete actions&#10;    throw new io.cucumber.java.PendingException();&#10;}&#10;@Then(&quot;the status code for the get the created employee is {int}&quot;)&#10;public void the_status_code_for_the_get_the_created_employee_is(Integer int1) {&#10;    // Write code here that turns the phrase above into concrete actions&#10;    throw new io.cucumber.java.PendingException();&#10;}&#10;@Then(&quot;the employee we are getting having ID {string} must match with the globally stored employee id&quot;)&#10;public void the_employee_we_are_getting_having_id_must_match_with_the_globally_stored_employee_id(String string) {&#10;    // Write code here that turns the phrase above into concrete actions&#10;    throw new io.cucumber.java.PendingException();&#10;}&#10;@Then(&quot;the retrieved data at {string} object matches the data used to create the employee having employee id {string}&quot;)&#10;public void the_retrieved_data_at_object_matches_the_data_used_to_create_the_employee_having_employee_id(String string, String string2, io.cucumber.datatable.DataTable dataTable) {&#10;    // Write code here that turns the phrase above into concrete actions&#10;    // For automatic transformation, change DataTable to one of&#10;    // E, List&lt;E&gt;, List&lt;List&lt;E&gt;&gt;, List&lt;Map&lt;K,V&gt;&gt;, Map&lt;K,V&gt; or&#10;    // Map&lt;K, List&lt;V&gt;&gt;. E,K,V must be a String, Integer, Float,&#10;    // Double, Byte, Short, Long, BigInteger or BigDecimal.&#10;    //&#10;    // For other transformations you can register a DataTableType.&#10;    throw new io.cucumber.java.PendingException();&#10;}&#10;" type="io.cucumber.junit.UndefinedStepException"><![CDATA[io.cucumber.junit.UndefinedStepException: 
The step "a JWT is generated" is undefined. You can implement it using the snippet(s) below:

@Given("a JWT is generated")
public void a_jwt_is_generated() {
    // Write code here that turns the phrase above into concrete actions
    throw new io.cucumber.java.PendingException();
}


Some other steps were also undefined:

@Given("a request is prepared to get the employee")
public void a_request_is_prepared_to_get_the_employee() {
    // Write code here that turns the phrase above into concrete actions
    throw new io.cucumber.java.PendingException();
}
@When("a GET call is made to retrieve the created employee")
public void a_get_call_is_made_to_retrieve_the_created_employee() {
    // Write code here that turns the phrase above into concrete actions
    throw new io.cucumber.java.PendingException();
}
@Then("the status code for the get the created employee is {int}")
public void the_status_code_for_the_get_the_created_employee_is(Integer int1) {
    // Write code here that turns the phrase above into concrete actions
    throw new io.cucumber.java.PendingException();
}
@Then("the employee we are getting having ID {string} must match with the globally stored employee id")
public void the_employee_we_are_getting_having_id_must_match_with_the_globally_stored_employee_id(String string) {
    // Write code here that turns the phrase above into concrete actions
    throw new io.cucumber.java.PendingException();
}
@Then("the retrieved data at {string} object matches the data used to create the employee having employee id {string}")
public void the_retrieved_data_at_object_matches_the_data_used_to_create_the_employee_having_employee_id(String string, String string2, io.cucumber.datatable.DataTable dataTable) {
    // Write code here that turns the phrase above into concrete actions
    // For automatic transformation, change DataTable to one of
    // E, List<E>, List<List<E>>, List<Map<K,V>>, Map<K,V> or
    // Map<K, List<V>>. E,K,V must be a String, Integer, Float,
    // Double, Byte, Short, Long, BigInteger or BigDecimal.
    //
    // For other transformations you can register a DataTableType.
    throw new io.cucumber.java.PendingException();
}

]]></error>
    <system-out><![CDATA[
@api
Scenario: Get the newly created employee                                                                                             # src/test/resources/features/APIWorkFlow.feature:15
  Given a JWT is generated                                                                                                           # null
  Given a request is prepared to get the employee                                                                                    # null
  When a GET call is made to retrieve the created employee                                                                           # null
  Then the status code for the get the created employee is 200                                                                       # null
  And the employee we are getting having ID "employee.employee_id" must match with the globally stored employee id                   # null
  And the retrieved data at "employee" object matches the data used to create the employee having employee id "employee.employee_id" # null

    Embedding Get the newly created employee [image/png 254883 bytes]

]]></system-out>
    <system-err><![CDATA[Starting ChromeDriver 102.0.5005.61 (0e59bcc00cc4985ce39ad31c150065f159d95ad3-refs/branch-heads/5005@{#819}) on port 52544
Only local connections are allowed.
Please see https://chromedriver.chromium.org/security-considerations for suggestions on keeping ChromeDriver safe.
ChromeDriver was started successfully.
Jun 23, 2022 10:51:26 AM org.openqa.selenium.remote.ProtocolHandshake createSession
INFO: Detected dialect: W3C
Jun 23, 2022 10:51:26 AM org.openqa.selenium.devtools.CdpVersionFinder findNearestMatch
WARNING: Unable to find an exact match for CDP version 102, so returning the closest version found: 99
Jun 23, 2022 10:51:26 AM org.openqa.selenium.devtools.CdpVersionFinder findNearestMatch
INFO: Found CDP implementation for version 102 of 99
]]></system-err>
  </testcase>
</testsuite>